app/build/intermediates/manifest_merge_blame_file/debug/manifest-merger-blame-debug-report.txt
1<?xml version="1.0" encoding="utf-8"?>
2<manifest xmlns:android="http://schemas.android.com/apk/res/android"
3    package="com.example.onlineshopping"
4    android:versionCode="1"
5    android:versionName="1.0" >
6
7    <uses-sdk
8        android:minSdkVersion="21"
8-->src\main\AndroidManifest.xml
9        android:targetSdkVersion="31" />
9-->src\main\AndroidManifest.xml
10    <!--
11         The ACCESS_COARSE/FINE_LOCATION permissions are not required to use
12         Google Maps Android API v2, but you must specify either coarse or fine
13         location permissions for the "MyLocation" functionality.
14    -->
15
16    <uses-permission android:name="android.permission.ACCESS_FINE_LOCATION" />
16-->src\main\AndroidManifest.xml:11:5-79
16-->src\main\AndroidManifest.xml:11:22-76
17    <uses-permission android:name="android.permission.READ_EXTERNAL_STORAGE" />
17-->src\main\AndroidManifest.xml:12:5-80
17-->src\main\AndroidManifest.xml:12:22-77
18    <uses-permission android:name="android.permission.ACCESS_COARSE_LOCATION" />
18-->src\main\AndroidManifest.xml:13:5-81
18-->src\main\AndroidManifest.xml:13:22-78
19    <uses-permission android:name="android.permission.INTERNET" />
19-->src\main\AndroidManifest.xml:14:5-67
19-->src\main\AndroidManifest.xml:14:22-64
20
21    <!-- Include required permissions for Google Maps API to run. -->
22    <uses-permission android:name="android.permission.ACCESS_NETWORK_STATE" />
22-->[com.google.android.gms:play-services-maps:18.0.1] AndroidManifest.xml:23:5-79
22-->[com.google.android.gms:play-services-maps:18.0.1] AndroidManifest.xml:23:22-76
23
24    <uses-feature
24-->[com.google.android.gms:play-services-maps:18.0.1] AndroidManifest.xml:26:5-28:35
25        android:glEsVersion="0x00020000"
25-->[com.google.android.gms:play-services-maps:18.0.1] AndroidManifest.xml:27:9-41
26        android:required="true" />
26-->[com.google.android.gms:play-services-maps:18.0.1] AndroidManifest.xml:28:9-32
27
28    <queries>
28-->[com.google.android.gms:play-services-maps:18.0.1] AndroidManifest.xml:30:5-34:15
29
30        <!-- Needs to be explicitly declared on Android R+ -->
31        <package android:name="com.google.android.apps.maps" />
31-->[com.google.android.gms:play-services-maps:18.0.1] AndroidManifest.xml:33:9-64
31-->[com.google.android.gms:play-services-maps:18.0.1] AndroidManifest.xml:33:18-61
32    </queries>
33
34    <uses-permission android:name="android.permission.CAMERA" /> <!-- Don't require camera, as this requires a rear camera. This allows it to work on the Nexus 7 -->
34-->[com.journeyapps:zxing-android-embedded:3.4.0] AndroidManifest.xml:21:5-65
34-->[com.journeyapps:zxing-android-embedded:3.4.0] AndroidManifest.xml:21:22-62
35    <uses-feature
35-->[com.journeyapps:zxing-android-embedded:3.4.0] AndroidManifest.xml:24:5-26:36
36        android:name="android.hardware.camera"
36-->[com.journeyapps:zxing-android-embedded:3.4.0] AndroidManifest.xml:25:9-47
37        android:required="false" />
37-->[com.journeyapps:zxing-android-embedded:3.4.0] AndroidManifest.xml:26:9-33
38    <uses-feature
38-->[com.journeyapps:zxing-android-embedded:3.4.0] AndroidManifest.xml:27:5-29:36
39        android:name="android.hardware.camera.front"
39-->[com.journeyapps:zxing-android-embedded:3.4.0] AndroidManifest.xml:28:9-53
40        android:required="false" /> <!-- TODO replace above two with next line after Android 4.2 -->
40-->[com.journeyapps:zxing-android-embedded:3.4.0] AndroidManifest.xml:29:9-33
41    <!-- <uses-feature android:name="android.hardware.camera.any"/> -->
42    <uses-feature
42-->[com.journeyapps:zxing-android-embedded:3.4.0] AndroidManifest.xml:32:5-34:36
43        android:name="android.hardware.camera.autofocus"
43-->[com.journeyapps:zxing-android-embedded:3.4.0] AndroidManifest.xml:33:9-57
44        android:required="false" />
44-->[com.journeyapps:zxing-android-embedded:3.4.0] AndroidManifest.xml:34:9-33
45    <uses-feature
45-->[com.journeyapps:zxing-android-embedded:3.4.0] AndroidManifest.xml:35:5-37:36
46        android:name="android.hardware.camera.flash"
46-->[com.journeyapps:zxing-android-embedded:3.4.0] AndroidManifest.xml:36:9-53
47        android:required="false" />
47-->[com.journeyapps:zxing-android-embedded:3.4.0] AndroidManifest.xml:37:9-33
48    <uses-feature
48-->[com.journeyapps:zxing-android-embedded:3.4.0] AndroidManifest.xml:38:5-40:36
49        android:name="android.hardware.screen.landscape"
49-->[com.journeyapps:zxing-android-embedded:3.4.0] AndroidManifest.xml:39:9-57
50        android:required="false" />
50-->[com.journeyapps:zxing-android-embedded:3.4.0] AndroidManifest.xml:40:9-33
51    <uses-feature
51-->[com.journeyapps:zxing-android-embedded:3.4.0] AndroidManifest.xml:41:5-43:36
52        android:name="android.hardware.wifi"
52-->[com.journeyapps:zxing-android-embedded:3.4.0] AndroidManifest.xml:42:9-45
53        android:required="false" />
53-->[com.journeyapps:zxing-android-embedded:3.4.0] AndroidManifest.xml:43:9-33
54
55    <application
55-->src\main\AndroidManifest.xml:16:5-63:19
56        android:allowBackup="true"
56-->src\main\AndroidManifest.xml:18:9-35
57        android:appComponentFactory="androidx.core.app.CoreComponentFactory"
57-->[androidx.core:core:1.3.1] AndroidManifest.xml:24:18-86
58        android:debuggable="true"
59        android:icon="@mipmap/ic_launcher"
59-->src\main\AndroidManifest.xml:19:9-43
60        android:label="@string/app_name"
60-->src\main\AndroidManifest.xml:20:9-41
61        android:roundIcon="@mipmap/ic_launcher_round"
61-->src\main\AndroidManifest.xml:21:9-54
62        android:supportsRtl="true"
62-->src\main\AndroidManifest.xml:22:9-35
63        android:theme="@style/Theme.OnlineShopping" >
63-->src\main\AndroidManifest.xml:23:9-52
64        <activity
64-->src\main\AndroidManifest.xml:24:9-26:40
65            android:name="com.example.onlineshopping.user.Get_location"
65-->src\main\AndroidManifest.xml:25:13-46
66            android:exported="false" />
66-->src\main\AndroidManifest.xml:26:13-37
67        <!--
68             The API key for Google Maps-based APIs is defined as a string resource.
69             (See the file "res/values/google_maps_api.xml").
70             Note that the API key is linked to the encryption key used to sign the APK.
71             You need a different API key for each encryption key, including the release key that is used to
72             sign the APK for publishing.
73             You can define the keys for the debug and release targets in src/debug/ and src/release/.
74        -->
75        <meta-data
75-->src\main\AndroidManifest.xml:35:9-37:71
76            android:name="com.google.android.geo.API_KEY"
76-->src\main\AndroidManifest.xml:36:13-58
77            android:value="AIzaSyBJK15LH0ieLqyqdI8ZDNpbhB7KKAuQyZA" />
77-->src\main\AndroidManifest.xml:37:13-68
78
79        <activity android:name="com.example.onlineshopping.user.Geolocation" />
79-->src\main\AndroidManifest.xml:39:9-54
79-->src\main\AndroidManifest.xml:39:19-51
80        <activity
80-->src\main\AndroidManifest.xml:40:9-48:20
81            android:name="com.example.onlineshopping.ui.StartActivity"
81-->src\main\AndroidManifest.xml:41:13-45
82            android:exported="true" >
82-->src\main\AndroidManifest.xml:42:13-36
83            <intent-filter>
83-->src\main\AndroidManifest.xml:43:13-47:29
84                <action android:name="android.intent.action.MAIN" />
84-->src\main\AndroidManifest.xml:44:17-69
84-->src\main\AndroidManifest.xml:44:25-66
85
86                <category android:name="android.intent.category.LAUNCHER" />
86-->src\main\AndroidManifest.xml:46:17-77
86-->src\main\AndroidManifest.xml:46:27-74
87            </intent-filter>
88        </activity>
89        <activity android:name="com.example.onlineshopping.user.UpdateCart" />
89-->src\main\AndroidManifest.xml:49:9-53
89-->src\main\AndroidManifest.xml:49:19-50
90        <activity android:name="com.example.onlineshopping.user.ShowProduct" />
90-->src\main\AndroidManifest.xml:50:9-54
90-->src\main\AndroidManifest.xml:50:19-51
91        <activity android:name="com.example.onlineshopping.user.Products" />
91-->src\main\AndroidManifest.xml:51:9-51
91-->src\main\AndroidManifest.xml:51:19-48
92        <activity android:name="com.example.onlineshopping.user.Cart" />
92-->src\main\AndroidManifest.xml:52:9-47
92-->src\main\AndroidManifest.xml:52:19-44
93        <activity android:name="com.example.onlineshopping.ui.Forget" />
93-->src\main\AndroidManifest.xml:53:9-47
93-->src\main\AndroidManifest.xml:53:19-44
94        <activity android:name="com.example.onlineshopping.ui.Calender" />
94-->src\main\AndroidManifest.xml:54:9-49
94-->src\main\AndroidManifest.xml:54:19-46
95        <activity android:name="com.example.onlineshopping.admin.Admin" />
95-->src\main\AndroidManifest.xml:55:9-49
95-->src\main\AndroidManifest.xml:55:19-46
96        <activity android:name="com.example.onlineshopping.ui.SignUp" />
96-->src\main\AndroidManifest.xml:56:9-47
96-->src\main\AndroidManifest.xml:56:19-44
97        <activity android:name="com.example.onlineshopping.ui.MainActivity" />
97-->src\main\AndroidManifest.xml:57:9-53
97-->src\main\AndroidManifest.xml:57:19-50
98        <activity
98-->src\main\AndroidManifest.xml:58:9-62:57
99            android:name="com.example.onlineshopping.Capture"
99-->src\main\AndroidManifest.xml:59:13-36
100            android:screenOrientation="portrait"
100-->src\main\AndroidManifest.xml:60:13-49
101            android:stateNotNeeded="true"
101-->src\main\AndroidManifest.xml:61:13-42
102            android:theme="@style/zxing_CaptureTheme" />
102-->src\main\AndroidManifest.xml:62:13-54
103        <!-- Needs to be explicitly declared on P+ -->
104        <uses-library
104-->[com.google.android.gms:play-services-maps:18.0.1] AndroidManifest.xml:39:9-41:40
105            android:name="org.apache.http.legacy"
105-->[com.google.android.gms:play-services-maps:18.0.1] AndroidManifest.xml:40:13-50
106            android:required="false" />
106-->[com.google.android.gms:play-services-maps:18.0.1] AndroidManifest.xml:41:13-37
107
108        <activity
108-->[com.journeyapps:zxing-android-embedded:3.4.0] AndroidManifest.xml:46:9-52:63
109            android:name="com.journeyapps.barcodescanner.CaptureActivity"
109-->[com.journeyapps:zxing-android-embedded:3.4.0] AndroidManifest.xml:47:13-74
110            android:clearTaskOnLaunch="true"
110-->[com.journeyapps:zxing-android-embedded:3.4.0] AndroidManifest.xml:48:13-45
111            android:screenOrientation="sensorLandscape"
111-->[com.journeyapps:zxing-android-embedded:3.4.0] AndroidManifest.xml:49:13-56
112            android:stateNotNeeded="true"
112-->[com.journeyapps:zxing-android-embedded:3.4.0] AndroidManifest.xml:50:13-42
113            android:theme="@style/zxing_CaptureTheme"
113-->[com.journeyapps:zxing-android-embedded:3.4.0] AndroidManifest.xml:51:13-54
114            android:windowSoftInputMode="stateAlwaysHidden" />
114-->[com.journeyapps:zxing-android-embedded:3.4.0] AndroidManifest.xml:52:13-60
115        <activity
115-->[com.google.android.gms:play-services-base:18.0.0] AndroidManifest.xml:20:9-22:45
116            android:name="com.google.android.gms.common.api.GoogleApiActivity"
116-->[com.google.android.gms:play-services-base:18.0.0] AndroidManifest.xml:20:19-85
117            android:exported="false"
117-->[com.google.android.gms:play-services-base:18.0.0] AndroidManifest.xml:22:19-43
118            android:theme="@android:style/Theme.Translucent.NoTitleBar" />
118-->[com.google.android.gms:play-services-base:18.0.0] AndroidManifest.xml:21:19-78
119
120        <meta-data
120-->[com.google.android.gms:play-services-basement:18.0.0] AndroidManifest.xml:21:9-23:69
121            android:name="com.google.android.gms.version"
121-->[com.google.android.gms:play-services-basement:18.0.0] AndroidManifest.xml:22:13-58
122            android:value="@integer/google_play_services_version" />
122-->[com.google.android.gms:play-services-basement:18.0.0] AndroidManifest.xml:23:13-66
123    </application>
124
125</manifest>